<?xml version="1.0" encoding="UTF-8"?>
<coverage generated="1703869238803" clover="3.2.0">
  <project timestamp="1703869238803" name="All files">
    <metrics statements="24" coveredstatements="18" conditionals="2" coveredconditionals="2" methods="4" coveredmethods="1" elements="30" coveredelements="21" complexity="0" loc="24" ncloc="24" packages="1" files="1" classes="1"/>
    <file name="http-client.plugin.ts" path="D:\NodeJS\nodejs\04-Testing\Bases migrado a typescript\src\plugins\http-client.plugin.ts">
      <metrics statements="24" coveredstatements="18" conditionals="2" coveredconditionals="2" methods="4" coveredmethods="1"/>
      <line num="1" count="1" type="stmt"/>
      <line num="2" count="1" type="stmt"/>
      <line num="3" count="1" type="stmt"/>
      <line num="4" count="1" type="stmt"/>
      <line num="5" count="1" type="stmt"/>
      <line num="6" count="1" type="stmt"/>
      <line num="7" count="1" type="cond" truecount="2" falsecount="0"/>
      <line num="8" count="1" type="stmt"/>
      <line num="9" count="1" type="stmt"/>
      <line num="10" count="1" type="stmt"/>
      <line num="11" count="1" type="stmt"/>
      <line num="12" count="1" type="stmt"/>
      <line num="13" count="1" type="stmt"/>
      <line num="14" count="1" type="stmt"/>
      <line num="15" count="0" type="stmt"/>
      <line num="16" count="0" type="stmt"/>
      <line num="17" count="1" type="stmt"/>
      <line num="18" count="0" type="stmt"/>
      <line num="19" count="0" type="stmt"/>
      <line num="20" count="1" type="stmt"/>
      <line num="21" count="0" type="stmt"/>
      <line num="22" count="0" type="stmt"/>
      <line num="23" count="1" type="stmt"/>
      <line num="24" count="1" type="stmt"/>
    </file>
  </project>
</coverage>
